2023-05-19 18:00:04,994 CEST [ActivitySet=eig_ConsumptionTransferObjectOutboundAS/Step=ConsumptionTransferObjectOutboundAction]  INFO PCContext:? - Loading PharmaSuite log4j property file: 'file:/C:/Rockwell/10.02.00-PharmaSuite-FTPSACT-CD/FTPS_SDK/dependencies/FTPS_DSX/addon_jars/commons-base-ifc-10.2.0.9.jar!/log4j_ftps.properties'
2023-05-19 18:00:05,001 CEST [ActivitySet=eig_ConsumptionTransferObjectOutboundAS/Step=ConsumptionTransferObjectOutboundAction]  INFO PCContext:? - Watching for customer specific local log4j property file: 'C:\Rockwell\10.02.00-PharmaSuite-FTPSACT-CD\FTPS_SDK\apps\yourproject\logs\log4j_custom_local.properties', Watchinterval 10 sec.
2023-05-19 18:00:05,002 CEST [ActivitySet=eig_ConsumptionTransferObjectOutboundAS/Step=ConsumptionTransferObjectOutboundAction]  INFO PCContext:? - Logging initialized (EIG_IntegrationEventSheet, C:\Rockwell\10.02.00-PharmaSuite-FTPSACT-CD\FTPS_SDK\apps\yourproject\logs).
2023-05-19 18:00:06,086 CEST [ActivitySet=eig_ConsumptionTransferObjectOutboundAS/Step=ConsumptionTransferObjectOutboundAction]  INFO PCContext:? - Connected to remote+http://localhost:8080 (RMI/IIOP) http://localhost:8080
2023-05-19 18:00:07,281 CEST [ActivitySet=eig_ConsumptionTransferObjectOutboundAS/Step=ConsumptionTransferObjectOutboundAction]  INFO PCContext:? - === 10640@WIN-5N0I29EK8F1, {7D9D5479-C953-B29C-DFD1-0DD2ED40C02F}: 19.05.2023 18:00:06.088 CEST (+02:00) / 19.05.2023 16:00:06.088 UTC
2023-05-19 18:00:07,281 CEST [ActivitySet=eig_ConsumptionTransferObjectOutboundAS/Step=ConsumptionTransferObjectOutboundAction]  INFO PCContext:? - Logging application configuration: 'C:\Rockwell\10.02.00-PharmaSuite-FTPSACT-CD\FTPS_SDK\apps\yourproject\logs\EIG_IntegrationEventSheet-ftps_ApplicationConfiguration.log'
2023-05-19 18:00:07,394 CEST [ActivitySet=eig_ConsumptionTransferObjectOutboundAS/Step=ConsumptionTransferObjectOutboundAction]  WARN PCContext:? - The default environment has been set: com.datasweep.compatibility.pnuts.EventSheetEnvironment@10a1bae
2023-05-19 18:00:07,856 CEST [ActivitySet=eig_ConsumptionTransferObjectOutboundAS/Step=ConsumptionTransferObjectOutboundAction] ERROR AbstractOutboundActivity:67 - Exception in outbound processing: 
java.lang.NullPointerException
	at java.util.StringTokenizer.<init>(StringTokenizer.java:199)
	at java.util.StringTokenizer.<init>(StringTokenizer.java:221)
	at com.rockwell.mes.myeig.activities.ConsumptionTransferOutboundAction.processPayloadData(ConsumptionTransferOutboundAction.java:69)
	at com.rockwell.mes.myeig.activities.AbstractOutboundActivity.activityExecute(AbstractOutboundActivity.java:60)
	at com.rockwell.activityset.ActivityContainer.activityExecute(Unknown Source)
	at com.rockwell.activity.ActivityThread.run(Unknown Source)
	at java.lang.Thread.run(Thread.java:748)
2023-05-19 18:00:07,875 CEST [ActivitySet=eig_ConsumptionTransferObjectOutboundAS/Step=LoggingMailAction]  INFO LoggingMailAction:65 - The following error(s) has occurred in the ERP Integration Gateway:

Object type: com.rockwell.mes.myeig.activities.ConsumptionTransferOutboundAction
Error message: java.lang.NullPointerException

Message ID: 10003
2023-05-24 14:42:35,809 CEST [ActivitySet=eig_ConsumptionTransferObjectOutboundAS/Step=ConsumptionTransferObjectOutboundAction]  INFO PCContext:? - Loading PharmaSuite log4j property file: 'file:/C:/Rockwell/10.02.00-PharmaSuite-FTPSACT-CD/FTPS_SDK/dependencies/FTPS_DSX/addon_jars/commons-base-ifc-10.2.0.9.jar!/log4j_ftps.properties'
2023-05-24 14:42:35,810 CEST [ActivitySet=eig_ConsumptionTransferObjectOutboundAS/Step=ConsumptionTransferObjectOutboundAction]  INFO PCContext:? - Watching for customer specific local log4j property file: 'C:\Rockwell\10.02.00-PharmaSuite-FTPSACT-CD\FTPS_SDK\apps\yourproject\logs\log4j_custom_local.properties', Watchinterval 10 sec.
2023-05-24 14:42:35,810 CEST [ActivitySet=eig_ConsumptionTransferObjectOutboundAS/Step=ConsumptionTransferObjectOutboundAction]  INFO PCContext:? - Logging initialized (EIG_IntegrationEventSheet, C:\Rockwell\10.02.00-PharmaSuite-FTPSACT-CD\FTPS_SDK\apps\yourproject\logs).
2023-05-24 14:42:36,853 CEST [ActivitySet=eig_ConsumptionTransferObjectOutboundAS/Step=ConsumptionTransferObjectOutboundAction]  INFO PCContext:? - Connected to remote+http://localhost:8080 (RMI/IIOP) http://localhost:8080
2023-05-24 14:42:38,107 CEST [ActivitySet=eig_ConsumptionTransferObjectOutboundAS/Step=ConsumptionTransferObjectOutboundAction]  INFO PCContext:? - === 4076@WIN-5N0I29EK8F1, {9A91D7BE-42C8-45D5-6A32-501964B9E2B9}: 24.05.2023 14:42:36.854 CEST (+02:00) / 24.05.2023 12:42:36.854 UTC
2023-05-24 14:42:38,107 CEST [ActivitySet=eig_ConsumptionTransferObjectOutboundAS/Step=ConsumptionTransferObjectOutboundAction]  INFO PCContext:? - Logging application configuration: 'C:\Rockwell\10.02.00-PharmaSuite-FTPSACT-CD\FTPS_SDK\apps\yourproject\logs\EIG_IntegrationEventSheet-ftps_ApplicationConfiguration.log'
2023-05-24 14:42:38,197 CEST [ActivitySet=eig_ConsumptionTransferObjectOutboundAS/Step=ConsumptionTransferObjectOutboundAction]  WARN PCContext:? - The default environment has been set: com.datasweep.compatibility.pnuts.EventSheetEnvironment@2e457b
2023-05-24 14:42:38,667 CEST [ActivitySet=eig_ConsumptionTransferObjectOutboundAS/Step=ConsumptionTransferObjectOutboundAction]  INFO ConsumptionTransferOutboundAction:101 - 10006 - Customer consumedItem: 500.000 G of material ADA_RM_001 consumed in order SC24051433
2023-05-25 19:51:20,954 CEST [ActivitySet=eig_ConsumptionTransferObjectOutboundAS/Step=ConsumptionTransferObjectOutboundAction]  INFO PCContext:? - Loading PharmaSuite log4j property file: 'file:/C:/Rockwell/10.02.00-PharmaSuite-FTPSACT-CD/FTPS_SDK/dependencies/FTPS_DSX/addon_jars/commons-base-ifc-10.2.0.9.jar!/log4j_ftps.properties'
2023-05-25 19:51:20,956 CEST [ActivitySet=eig_ConsumptionTransferObjectOutboundAS/Step=ConsumptionTransferObjectOutboundAction]  INFO PCContext:? - Watching for customer specific local log4j property file: 'C:\Rockwell\10.02.00-PharmaSuite-FTPSACT-CD\FTPS_SDK\apps\yourproject\logs\log4j_custom_local.properties', Watchinterval 10 sec.
2023-05-25 19:51:20,956 CEST [ActivitySet=eig_ConsumptionTransferObjectOutboundAS/Step=ConsumptionTransferObjectOutboundAction]  INFO PCContext:? - Logging initialized (EIG_IntegrationEventSheet, C:\Rockwell\10.02.00-PharmaSuite-FTPSACT-CD\FTPS_SDK\apps\yourproject\logs).
2023-05-25 19:51:21,040 CEST [ActivitySet=eig_ConsumptionTransferObjectOutboundAS/Step=ConsumptionTransferObjectOutboundAction]  INFO AbstractOutboundActivity:101 - 10010 - Processing outbound integration message for PCA_EVENT
2023-05-25 19:51:21,046 CEST [ActivitySet=eig_ConsumptionTransferObjectOutboundAS/Step=ConsumptionTransferObjectOutboundAction]  INFO ConsumptionTransferOutboundAction:101 - 10010 - Generating material consumption outbound message
2023-05-25 19:51:21,190 CEST [ActivitySet=eig_ConsumptionTransferObjectOutboundAS/Step=ConsumptionTransferObjectOutboundAction]  INFO AbstractOutboundActivity:101 - 10011 - Processing outbound integration message for PCA_EVENT
2023-05-25 19:51:21,190 CEST [ActivitySet=eig_ConsumptionTransferObjectOutboundAS/Step=ConsumptionTransferObjectOutboundAction]  INFO ConsumptionTransferOutboundAction:101 - 10011 - Generating material consumption outbound message
2023-05-25 19:51:21,983 CEST [ActivitySet=eig_ConsumptionTransferObjectOutboundAS/Step=ConsumptionTransferObjectOutboundAction]  INFO PCContext:? - Connected to remote+http://localhost:8080 (RMI/IIOP) http://localhost:8080
2023-05-25 19:51:23,214 CEST [ActivitySet=eig_ConsumptionTransferObjectOutboundAS/Step=ConsumptionTransferObjectOutboundAction]  INFO PCContext:? - === 9848@WIN-5N0I29EK8F1, {E42ED231-D085-3FA3-CE5C-C0ED3FDDCF43}: 25.05.2023 19:51:21.984 CEST (+02:00) / 25.05.2023 17:51:21.984 UTC
2023-05-25 19:51:23,215 CEST [ActivitySet=eig_ConsumptionTransferObjectOutboundAS/Step=ConsumptionTransferObjectOutboundAction]  INFO PCContext:? - Logging application configuration: 'C:\Rockwell\10.02.00-PharmaSuite-FTPSACT-CD\FTPS_SDK\apps\yourproject\logs\EIG_IntegrationEventSheet-ftps_ApplicationConfiguration.log'
2023-05-25 19:51:23,285 CEST [ActivitySet=eig_ConsumptionTransferObjectOutboundAS/Step=ConsumptionTransferObjectOutboundAction]  WARN PCContext:? - The default environment has been set: com.datasweep.compatibility.pnuts.EventSheetEnvironment@1c6c6a0
2023-05-25 19:51:23,692 CEST [ActivitySet=eig_ConsumptionTransferObjectOutboundAS/Step=ConsumptionTransferObjectOutboundAction]  INFO ConsumptionTransferOutboundAction:101 - 10009 - Customer consumedItem: 50.000 G of material ADA_RM_001 consumed in order SC25051110
2023-05-25 19:51:23,692 CEST [ActivitySet=eig_ConsumptionTransferObjectOutboundAS/Step=ConsumptionTransferObjectOutboundAction]  INFO ConsumptionTransferOutboundAction:101 - 10011 - Customer consumedItem: 50.000 G of material ADA_RM_001 consumed in order SC25051917
2023-05-25 19:51:23,692 CEST [ActivitySet=eig_ConsumptionTransferObjectOutboundAS/Step=ConsumptionTransferObjectOutboundAction]  INFO ConsumptionTransferOutboundAction:101 - 10010 - Customer consumedItem: 500.000 G of material ADA_RM_001 consumed in order SC25051125
2023-05-25 19:56:20,434 CEST [ActivitySet=eig_ConsumptionTransferObjectOutboundAS/Step=ConsumptionTransferObjectOutboundAction]  INFO AbstractOutboundActivity:101 - 10012 - Processing outbound integration message for PCA_EVENT
2023-05-25 19:56:20,435 CEST [ActivitySet=eig_ConsumptionTransferObjectOutboundAS/Step=ConsumptionTransferObjectOutboundAction]  INFO ConsumptionTransferOutboundAction:101 - 10012 - Generating material consumption outbound message
2023-05-25 19:56:20,458 CEST [ActivitySet=eig_ConsumptionTransferObjectOutboundAS/Step=ConsumptionTransferObjectOutboundAction]  INFO ConsumptionTransferOutboundAction:101 - 10012 - Customer consumedItem: 15.000 G of material ADA_RM_001 consumed in order SC25051953
2023-05-25 20:02:20,614 CEST [ActivitySet=eig_ConsumptionTransferObjectOutboundAS/Step=ConsumptionTransferObjectOutboundAction]  INFO AbstractOutboundActivity:101 - 10013 - Processing outbound integration message for PCA_EVENT
2023-05-25 20:02:20,614 CEST [ActivitySet=eig_ConsumptionTransferObjectOutboundAS/Step=ConsumptionTransferObjectOutboundAction]  INFO ConsumptionTransferOutboundAction:101 - 10013 - Generating material consumption outbound message
2023-05-25 20:02:20,698 CEST [ActivitySet=eig_ConsumptionTransferObjectOutboundAS/Step=ConsumptionTransferObjectOutboundAction]  INFO ConsumptionTransferOutboundAction:101 - 10013 - Customer consumedItem: 80.000 G of material ADA_RM_001 consumed in order SC25051959
2023-05-25 20:02:21,094 CEST [ActivitySet=eig_ConsumptionTransferObjectOutboundAS/Step=ConsumptionTransferObjectOutboundAction]  INFO AbstractOutboundActivity:101 - 10014 - Processing outbound integration message for PCA_EVENT
2023-05-25 20:02:21,095 CEST [ActivitySet=eig_ConsumptionTransferObjectOutboundAS/Step=ConsumptionTransferObjectOutboundAction]  INFO ConsumptionTransferOutboundAction:101 - 10014 - Generating material consumption outbound message
2023-05-25 20:02:21,144 CEST [ActivitySet=eig_ConsumptionTransferObjectOutboundAS/Step=ConsumptionTransferObjectOutboundAction]  INFO ConsumptionTransferOutboundAction:101 - 10014 - Customer consumedItem: 40.000 G of material ADA_RM_001 consumed in order SC25051959
2023-06-10 12:36:13,988 CEST [ActivitySet=eig_ConsumptionTransferObjectOutboundAS/Step=ConsumptionTransferObjectOutboundAction]  INFO PCContext:? - Loading PharmaSuite log4j property file: 'file:/C:/Rockwell/10.02.00-PharmaSuite-FTPSACT-CD/FTPS_SDK/dependencies/FTPS_DSX/addon_jars/commons-base-ifc-10.2.0.9.jar!/log4j_ftps.properties'
2023-06-10 12:36:13,995 CEST [ActivitySet=eig_ConsumptionTransferObjectOutboundAS/Step=ConsumptionTransferObjectOutboundAction]  INFO PCContext:? - Watching for customer specific local log4j property file: 'C:\Rockwell\10.02.00-PharmaSuite-FTPSACT-CD\FTPS_SDK\apps\yourproject\logs\log4j_custom_local.properties', Watchinterval 10 sec.
2023-06-10 12:36:13,995 CEST [ActivitySet=eig_ConsumptionTransferObjectOutboundAS/Step=ConsumptionTransferObjectOutboundAction]  INFO PCContext:? - Logging initialized (EIG_IntegrationEventSheet, C:\Rockwell\10.02.00-PharmaSuite-FTPSACT-CD\FTPS_SDK\apps\yourproject\logs).
2023-06-10 12:36:15,820 CEST [ActivitySet=eig_ConsumptionTransferObjectOutboundAS/Step=ConsumptionTransferObjectOutboundAction]  INFO PCContext:? - Connected to remote+http://localhost:8080 (RMI/IIOP) http://localhost:8080
2023-06-10 12:36:16,918 CEST [ActivitySet=eig_ConsumptionTransferObjectOutboundAS/Step=ConsumptionTransferObjectOutboundAction]  INFO PCContext:? - === 9940@WIN-5N0I29EK8F1, {F11F4E7E-2CCD-EE3E-77F7-147B676F5665}: 10.06.2023 12:36:15.821 CEST (+02:00) / 10.06.2023 10:36:15.821 UTC
2023-06-10 12:36:16,919 CEST [ActivitySet=eig_ConsumptionTransferObjectOutboundAS/Step=ConsumptionTransferObjectOutboundAction]  INFO PCContext:? - Logging application configuration: 'C:\Rockwell\10.02.00-PharmaSuite-FTPSACT-CD\FTPS_SDK\apps\yourproject\logs\EIG_IntegrationEventSheet-ftps_ApplicationConfiguration.log'
2023-06-10 12:36:17,014 CEST [ActivitySet=eig_ConsumptionTransferObjectOutboundAS/Step=ConsumptionTransferObjectOutboundAction]  WARN PCContext:? - The default environment has been set: com.datasweep.compatibility.pnuts.EventSheetEnvironment@1219859
2023-06-10 12:36:17,347 CEST [ActivitySet=eig_ConsumptionTransferObjectOutboundAS/Step=ConsumptionTransferObjectOutboundAction]  INFO ConsumptionTransferOutboundAction:101 - 10015 - Customer consumedItem: 50.000 G of material ADA_RM_001 consumed in order SC10061232
2023-06-10 12:50:06,251 CEST [ActivitySet=eig_ConsumptionTransferObjectOutboundAS/Step=ConsumptionTransferObjectOutboundAction]  INFO PCContext:? - Loading PharmaSuite log4j property file: 'file:/C:/Rockwell/10.02.00-PharmaSuite-FTPSACT-CD/FTPS_SDK/dependencies/FTPS_DSX/addon_jars/commons-base-ifc-10.2.0.9.jar!/log4j_ftps.properties'
2023-06-10 12:50:06,256 CEST [ActivitySet=eig_ConsumptionTransferObjectOutboundAS/Step=ConsumptionTransferObjectOutboundAction]  INFO PCContext:? - Watching for customer specific local log4j property file: 'C:\Rockwell\10.02.00-PharmaSuite-FTPSACT-CD\FTPS_SDK\apps\yourproject\logs\log4j_custom_local.properties', Watchinterval 10 sec.
2023-06-10 12:50:06,256 CEST [ActivitySet=eig_ConsumptionTransferObjectOutboundAS/Step=ConsumptionTransferObjectOutboundAction]  INFO PCContext:? - Logging initialized (EIG_IntegrationEventSheet, C:\Rockwell\10.02.00-PharmaSuite-FTPSACT-CD\FTPS_SDK\apps\yourproject\logs).
2023-06-10 12:50:07,071 CEST [ActivitySet=eig_ConsumptionTransferObjectOutboundAS/Step=ConsumptionTransferObjectOutboundAction]  INFO PCContext:? - Connected to remote+http://localhost:8080 (RMI/IIOP) http://localhost:8080
2023-06-10 12:50:07,782 CEST [ActivitySet=eig_ConsumptionTransferObjectOutboundAS/Step=ConsumptionTransferObjectOutboundAction]  INFO PCContext:? - === 400@WIN-5N0I29EK8F1, {4D1A2CBC-E1A1-CA38-CBE6-0E327B9F8745}: 10.06.2023 12:50:07.071 CEST (+02:00) / 10.06.2023 10:50:07.071 UTC
2023-06-10 12:50:07,784 CEST [ActivitySet=eig_ConsumptionTransferObjectOutboundAS/Step=ConsumptionTransferObjectOutboundAction]  INFO PCContext:? - Logging application configuration: 'C:\Rockwell\10.02.00-PharmaSuite-FTPSACT-CD\FTPS_SDK\apps\yourproject\logs\EIG_IntegrationEventSheet-ftps_ApplicationConfiguration.log'
2023-06-10 12:50:07,955 CEST [ActivitySet=eig_ConsumptionTransferObjectOutboundAS/Step=ConsumptionTransferObjectOutboundAction]  WARN PCContext:? - The default environment has been set: com.datasweep.compatibility.pnuts.EventSheetEnvironment@16b4887
2023-06-10 12:50:08,263 CEST [ActivitySet=eig_ConsumptionTransferObjectOutboundAS/Step=ConsumptionTransferObjectOutboundAction]  INFO ConsumptionTransferOutboundAction:101 - 10016 - Customer consumedItem: 10.000 G of material ADA_RM_001 consumed in order SC10061242
2023-06-10 12:54:05,597 CEST [ActivitySet=eig_ConsumptionTransferObjectOutboundAS/Step=ConsumptionTransferObjectOutboundAction]  INFO AbstractOutboundActivity:101 - 10017 - Processing outbound integration message for PCA_EVENT
2023-06-10 12:54:05,597 CEST [ActivitySet=eig_ConsumptionTransferObjectOutboundAS/Step=ConsumptionTransferObjectOutboundAction]  INFO ConsumptionTransferOutboundAction:101 - 10017 - Generating material consumption outbound message
2023-06-10 12:54:05,628 CEST [ActivitySet=eig_ConsumptionTransferObjectOutboundAS/Step=ConsumptionTransferObjectOutboundAction]  INFO ConsumptionTransferOutboundAction:101 - 10017 - Customer consumedItem: 10.000 G of material ADA_RM_001 consumed in order SC10061252
2023-06-10 12:58:33,658 CEST [ActiveMQ Transport: tcp://localhost/127.0.0.1:61616@50412]  WARN FailoverTransport:280 - Transport (tcp://localhost:61616) failed , not attempting to automatically reconnect: {}
java.io.EOFException
	at java.io.DataInputStream.readInt(DataInputStream.java:392)
	at org.apache.activemq.openwire.OpenWireFormat.unmarshal(OpenWireFormat.java:268)
	at org.apache.activemq.transport.tcp.TcpTransport.readCommand(TcpTransport.java:240)
	at org.apache.activemq.transport.tcp.TcpTransport.doRun(TcpTransport.java:232)
	at org.apache.activemq.transport.tcp.TcpTransport.run(TcpTransport.java:215)
	at java.lang.Thread.run(Thread.java:748)
